app/build/intermediates/manifest_merge_blame_file/release/processReleaseMainManifest/manifest-merger-blame-release-report.txt
1<?xml version="1.0" encoding="utf-8"?>
2<manifest xmlns:android="http://schemas.android.com/apk/res/android"
3    package="com.buy2enjoy.returnscanner"
4    android:versionCode="1"
5    android:versionName="0.1.0" >
6
7    <uses-sdk
8        android:minSdkVersion="23"
9        android:targetSdkVersion="34" />
10
11    <uses-permission android:name="android.permission.CAMERA" />
11-->src\main\AndroidManifest.xml:2:5-65
11-->src\main\AndroidManifest.xml:2:22-62
12    <uses-permission android:name="android.permission.VIBRATE" />
12-->src\main\AndroidManifest.xml:3:5-66
12-->src\main\AndroidManifest.xml:3:22-63
13    <uses-permission android:name="android.permission.WAKE_LOCK" />
13-->[androidx.work:work-runtime:2.9.1] AndroidManifest.xml:23:5-68
13-->[androidx.work:work-runtime:2.9.1] AndroidManifest.xml:23:22-65
14    <uses-permission android:name="android.permission.ACCESS_NETWORK_STATE" />
14-->[androidx.work:work-runtime:2.9.1] AndroidManifest.xml:24:5-79
14-->[androidx.work:work-runtime:2.9.1] AndroidManifest.xml:24:22-76
15    <uses-permission android:name="android.permission.RECEIVE_BOOT_COMPLETED" />
15-->[androidx.work:work-runtime:2.9.1] AndroidManifest.xml:25:5-81
15-->[androidx.work:work-runtime:2.9.1] AndroidManifest.xml:25:22-78
16    <uses-permission android:name="android.permission.FOREGROUND_SERVICE" />
16-->[androidx.work:work-runtime:2.9.1] AndroidManifest.xml:26:5-77
16-->[androidx.work:work-runtime:2.9.1] AndroidManifest.xml:26:22-74
17
18    <permission
18-->[androidx.core:core:1.13.1] AndroidManifest.xml:22:5-24:47
19        android:name="com.buy2enjoy.returnscanner.DYNAMIC_RECEIVER_NOT_EXPORTED_PERMISSION"
19-->[androidx.core:core:1.13.1] AndroidManifest.xml:23:9-81
20        android:protectionLevel="signature" />
20-->[androidx.core:core:1.13.1] AndroidManifest.xml:24:9-44
21
22    <uses-permission android:name="com.buy2enjoy.returnscanner.DYNAMIC_RECEIVER_NOT_EXPORTED_PERMISSION" />
22-->[androidx.core:core:1.13.1] AndroidManifest.xml:26:5-97
22-->[androidx.core:core:1.13.1] AndroidManifest.xml:26:22-94
23    <uses-permission android:name="android.permission.INTERNET" />
23-->[com.google.android.datatransport:transport-backend-cct:2.3.3] AndroidManifest.xml:26:5-67
23-->[com.google.android.datatransport:transport-backend-cct:2.3.3] AndroidManifest.xml:26:22-64
24
25    <application
25-->src\main\AndroidManifest.xml:5:5-18:19
26        android:name="com.buy2enjoy.returnscanner.ReturnsApp"
26-->src\main\AndroidManifest.xml:6:9-35
27        android:appComponentFactory="androidx.core.app.CoreComponentFactory"
27-->[androidx.core:core:1.13.1] AndroidManifest.xml:28:18-86
28        android:extractNativeLibs="false"
29        android:icon="@mipmap/ic_launcher"
29-->src\main\AndroidManifest.xml:8:9-43
30        android:label="Returns Scanner"
30-->src\main\AndroidManifest.xml:7:9-40
31        android:theme="@style/Theme.ReturnsScanner" >
31-->src\main\AndroidManifest.xml:9:9-52
32        <activity
32-->src\main\AndroidManifest.xml:10:9-17:20
33            android:name="com.buy2enjoy.returnscanner.MainActivity"
33-->src\main\AndroidManifest.xml:11:13-41
34            android:exported="true" >
34-->src\main\AndroidManifest.xml:12:13-36
35            <intent-filter>
35-->src\main\AndroidManifest.xml:13:13-16:29
36                <action android:name="android.intent.action.MAIN" />
36-->src\main\AndroidManifest.xml:14:17-69
36-->src\main\AndroidManifest.xml:14:25-66
37
38                <category android:name="android.intent.category.LAUNCHER" />
38-->src\main\AndroidManifest.xml:15:17-77
38-->src\main\AndroidManifest.xml:15:27-74
39            </intent-filter>
40        </activity>
41
42        <service
42-->[androidx.camera:camera-camera2:1.4.0] AndroidManifest.xml:24:9-33:19
43            android:name="androidx.camera.core.impl.MetadataHolderService"
43-->[androidx.camera:camera-camera2:1.4.0] AndroidManifest.xml:25:13-75
44            android:enabled="false"
44-->[androidx.camera:camera-camera2:1.4.0] AndroidManifest.xml:26:13-36
45            android:exported="false" >
45-->[androidx.camera:camera-camera2:1.4.0] AndroidManifest.xml:27:13-37
46            <meta-data
46-->[androidx.camera:camera-camera2:1.4.0] AndroidManifest.xml:30:13-32:89
47                android:name="androidx.camera.core.impl.MetadataHolderService.DEFAULT_CONFIG_PROVIDER"
47-->[androidx.camera:camera-camera2:1.4.0] AndroidManifest.xml:31:17-103
48                android:value="androidx.camera.camera2.Camera2Config$DefaultProvider" />
48-->[androidx.camera:camera-camera2:1.4.0] AndroidManifest.xml:32:17-86
49        </service>
50
51        <activity
51-->[androidx.compose.ui:ui-tooling-android:1.7.5] AndroidManifest.xml:23:9-25:39
52            android:name="androidx.compose.ui.tooling.PreviewActivity"
52-->[androidx.compose.ui:ui-tooling-android:1.7.5] AndroidManifest.xml:24:13-71
53            android:exported="true" />
53-->[androidx.compose.ui:ui-tooling-android:1.7.5] AndroidManifest.xml:25:13-36
54
55        <provider
55-->[androidx.work:work-runtime:2.9.1] AndroidManifest.xml:29:9-37:20
56            android:name="androidx.startup.InitializationProvider"
56-->[androidx.work:work-runtime:2.9.1] AndroidManifest.xml:30:13-67
57            android:authorities="com.buy2enjoy.returnscanner.androidx-startup"
57-->[androidx.work:work-runtime:2.9.1] AndroidManifest.xml:31:13-68
58            android:exported="false" >
58-->[androidx.work:work-runtime:2.9.1] AndroidManifest.xml:32:13-37
59            <meta-data
59-->[androidx.work:work-runtime:2.9.1] AndroidManifest.xml:34:13-36:52
60                android:name="androidx.work.WorkManagerInitializer"
60-->[androidx.work:work-runtime:2.9.1] AndroidManifest.xml:35:17-68
61                android:value="androidx.startup" />
61-->[androidx.work:work-runtime:2.9.1] AndroidManifest.xml:36:17-49
62            <meta-data
62-->[androidx.emoji2:emoji2:1.3.0] AndroidManifest.xml:29:13-31:52
63                android:name="androidx.emoji2.text.EmojiCompatInitializer"
63-->[androidx.emoji2:emoji2:1.3.0] AndroidManifest.xml:30:17-75
64                android:value="androidx.startup" />
64-->[androidx.emoji2:emoji2:1.3.0] AndroidManifest.xml:31:17-49
65            <meta-data
65-->[androidx.lifecycle:lifecycle-process:2.8.6] AndroidManifest.xml:29:13-31:52
66                android:name="androidx.lifecycle.ProcessLifecycleInitializer"
66-->[androidx.lifecycle:lifecycle-process:2.8.6] AndroidManifest.xml:30:17-78
67                android:value="androidx.startup" />
67-->[androidx.lifecycle:lifecycle-process:2.8.6] AndroidManifest.xml:31:17-49
68            <meta-data
68-->[androidx.profileinstaller:profileinstaller:1.3.1] AndroidManifest.xml:29:13-31:52
69                android:name="androidx.profileinstaller.ProfileInstallerInitializer"
69-->[androidx.profileinstaller:profileinstaller:1.3.1] AndroidManifest.xml:30:17-85
70                android:value="androidx.startup" />
70-->[androidx.profileinstaller:profileinstaller:1.3.1] AndroidManifest.xml:31:17-49
71        </provider>
72
73        <service
73-->[androidx.work:work-runtime:2.9.1] AndroidManifest.xml:39:9-45:35
74            android:name="androidx.work.impl.background.systemalarm.SystemAlarmService"
74-->[androidx.work:work-runtime:2.9.1] AndroidManifest.xml:40:13-88
75            android:directBootAware="false"
75-->[androidx.work:work-runtime:2.9.1] AndroidManifest.xml:41:13-44
76            android:enabled="@bool/enable_system_alarm_service_default"
76-->[androidx.work:work-runtime:2.9.1] AndroidManifest.xml:42:13-72
77            android:exported="false" />
77-->[androidx.work:work-runtime:2.9.1] AndroidManifest.xml:43:13-37
78        <service
78-->[androidx.work:work-runtime:2.9.1] AndroidManifest.xml:46:9-52:35
79            android:name="androidx.work.impl.background.systemjob.SystemJobService"
79-->[androidx.work:work-runtime:2.9.1] AndroidManifest.xml:47:13-84
80            android:directBootAware="false"
80-->[androidx.work:work-runtime:2.9.1] AndroidManifest.xml:48:13-44
81            android:enabled="@bool/enable_system_job_service_default"
81-->[androidx.work:work-runtime:2.9.1] AndroidManifest.xml:49:13-70
82            android:exported="true"
82-->[androidx.work:work-runtime:2.9.1] AndroidManifest.xml:50:13-36
83            android:permission="android.permission.BIND_JOB_SERVICE" />
83-->[androidx.work:work-runtime:2.9.1] AndroidManifest.xml:51:13-69
84        <service
84-->[androidx.work:work-runtime:2.9.1] AndroidManifest.xml:53:9-59:35
85            android:name="androidx.work.impl.foreground.SystemForegroundService"
85-->[androidx.work:work-runtime:2.9.1] AndroidManifest.xml:54:13-81
86            android:directBootAware="false"
86-->[androidx.work:work-runtime:2.9.1] AndroidManifest.xml:55:13-44
87            android:enabled="@bool/enable_system_foreground_service_default"
87-->[androidx.work:work-runtime:2.9.1] AndroidManifest.xml:56:13-77
88            android:exported="false" />
88-->[androidx.work:work-runtime:2.9.1] AndroidManifest.xml:57:13-37
89
90        <receiver
90-->[androidx.work:work-runtime:2.9.1] AndroidManifest.xml:61:9-66:35
91            android:name="androidx.work.impl.utils.ForceStopRunnable$BroadcastReceiver"
91-->[androidx.work:work-runtime:2.9.1] AndroidManifest.xml:62:13-88
92            android:directBootAware="false"
92-->[androidx.work:work-runtime:2.9.1] AndroidManifest.xml:63:13-44
93            android:enabled="true"
93-->[androidx.work:work-runtime:2.9.1] AndroidManifest.xml:64:13-35
94            android:exported="false" />
94-->[androidx.work:work-runtime:2.9.1] AndroidManifest.xml:65:13-37
95        <receiver
95-->[androidx.work:work-runtime:2.9.1] AndroidManifest.xml:67:9-77:20
96            android:name="androidx.work.impl.background.systemalarm.ConstraintProxy$BatteryChargingProxy"
96-->[androidx.work:work-runtime:2.9.1] AndroidManifest.xml:68:13-106
97            android:directBootAware="false"
97-->[androidx.work:work-runtime:2.9.1] AndroidManifest.xml:69:13-44
98            android:enabled="false"
98-->[androidx.work:work-runtime:2.9.1] AndroidManifest.xml:70:13-36
99            android:exported="false" >
99-->[androidx.work:work-runtime:2.9.1] AndroidManifest.xml:71:13-37
100            <intent-filter>
100-->[androidx.work:work-runtime:2.9.1] AndroidManifest.xml:73:13-76:29
101                <action android:name="android.intent.action.ACTION_POWER_CONNECTED" />
101-->[androidx.work:work-runtime:2.9.1] AndroidManifest.xml:74:17-87
101-->[androidx.work:work-runtime:2.9.1] AndroidManifest.xml:74:25-84
102                <action android:name="android.intent.action.ACTION_POWER_DISCONNECTED" />
102-->[androidx.work:work-runtime:2.9.1] AndroidManifest.xml:75:17-90
102-->[androidx.work:work-runtime:2.9.1] AndroidManifest.xml:75:25-87
103            </intent-filter>
104        </receiver>
105        <receiver
105-->[androidx.work:work-runtime:2.9.1] AndroidManifest.xml:78:9-88:20
106            android:name="androidx.work.impl.background.systemalarm.ConstraintProxy$BatteryNotLowProxy"
106-->[androidx.work:work-runtime:2.9.1] AndroidManifest.xml:79:13-104
107            android:directBootAware="false"
107-->[androidx.work:work-runtime:2.9.1] AndroidManifest.xml:80:13-44
108            android:enabled="false"
108-->[androidx.work:work-runtime:2.9.1] AndroidManifest.xml:81:13-36
109            android:exported="false" >
109-->[androidx.work:work-runtime:2.9.1] AndroidManifest.xml:82:13-37
110            <intent-filter>
110-->[androidx.work:work-runtime:2.9.1] AndroidManifest.xml:84:13-87:29
111                <action android:name="android.intent.action.BATTERY_OKAY" />
111-->[androidx.work:work-runtime:2.9.1] AndroidManifest.xml:85:17-77
111-->[androidx.work:work-runtime:2.9.1] AndroidManifest.xml:85:25-74
112                <action android:name="android.intent.action.BATTERY_LOW" />
112-->[androidx.work:work-runtime:2.9.1] AndroidManifest.xml:86:17-76
112-->[androidx.work:work-runtime:2.9.1] AndroidManifest.xml:86:25-73
113            </intent-filter>
114        </receiver>
115        <receiver
115-->[androidx.work:work-runtime:2.9.1] AndroidManifest.xml:89:9-99:20
116            android:name="androidx.work.impl.background.systemalarm.ConstraintProxy$StorageNotLowProxy"
116-->[androidx.work:work-runtime:2.9.1] AndroidManifest.xml:90:13-104
117            android:directBootAware="false"
117-->[androidx.work:work-runtime:2.9.1] AndroidManifest.xml:91:13-44
118            android:enabled="false"
118-->[androidx.work:work-runtime:2.9.1] AndroidManifest.xml:92:13-36
119            android:exported="false" >
119-->[androidx.work:work-runtime:2.9.1] AndroidManifest.xml:93:13-37
120            <intent-filter>
120-->[androidx.work:work-runtime:2.9.1] AndroidManifest.xml:95:13-98:29
121                <action android:name="android.intent.action.DEVICE_STORAGE_LOW" />
121-->[androidx.work:work-runtime:2.9.1] AndroidManifest.xml:96:17-83
121-->[androidx.work:work-runtime:2.9.1] AndroidManifest.xml:96:25-80
122                <action android:name="android.intent.action.DEVICE_STORAGE_OK" />
122-->[androidx.work:work-runtime:2.9.1] AndroidManifest.xml:97:17-82
122-->[androidx.work:work-runtime:2.9.1] AndroidManifest.xml:97:25-79
123            </intent-filter>
124        </receiver>
125        <receiver
125-->[androidx.work:work-runtime:2.9.1] AndroidManifest.xml:100:9-109:20
126            android:name="androidx.work.impl.background.systemalarm.ConstraintProxy$NetworkStateProxy"
126-->[androidx.work:work-runtime:2.9.1] AndroidManifest.xml:101:13-103
127            android:directBootAware="false"
127-->[androidx.work:work-runtime:2.9.1] AndroidManifest.xml:102:13-44
128            android:enabled="false"
128-->[androidx.work:work-runtime:2.9.1] AndroidManifest.xml:103:13-36
129            android:exported="false" >
129-->[androidx.work:work-runtime:2.9.1] AndroidManifest.xml:104:13-37
130            <intent-filter>
130-->[androidx.work:work-runtime:2.9.1] AndroidManifest.xml:106:13-108:29
131                <action android:name="android.net.conn.CONNECTIVITY_CHANGE" />
131-->[androidx.work:work-runtime:2.9.1] AndroidManifest.xml:107:17-79
131-->[androidx.work:work-runtime:2.9.1] AndroidManifest.xml:107:25-76
132            </intent-filter>
133        </receiver>
134        <receiver
134-->[androidx.work:work-runtime:2.9.1] AndroidManifest.xml:110:9-121:20
135            android:name="androidx.work.impl.background.systemalarm.RescheduleReceiver"
135-->[androidx.work:work-runtime:2.9.1] AndroidManifest.xml:111:13-88
136            android:directBootAware="false"
136-->[androidx.work:work-runtime:2.9.1] AndroidManifest.xml:112:13-44
137            android:enabled="false"
137-->[androidx.work:work-runtime:2.9.1] AndroidManifest.xml:113:13-36
138            android:exported="false" >
138-->[androidx.work:work-runtime:2.9.1] AndroidManifest.xml:114:13-37
139            <intent-filter>
139-->[androidx.work:work-runtime:2.9.1] AndroidManifest.xml:116:13-120:29
140                <action android:name="android.intent.action.BOOT_COMPLETED" />
140-->[androidx.work:work-runtime:2.9.1] AndroidManifest.xml:117:17-79
140-->[androidx.work:work-runtime:2.9.1] AndroidManifest.xml:117:25-76
141                <action android:name="android.intent.action.TIME_SET" />
141-->[androidx.work:work-runtime:2.9.1] AndroidManifest.xml:118:17-73
141-->[androidx.work:work-runtime:2.9.1] AndroidManifest.xml:118:25-70
142                <action android:name="android.intent.action.TIMEZONE_CHANGED" />
142-->[androidx.work:work-runtime:2.9.1] AndroidManifest.xml:119:17-81
142-->[androidx.work:work-runtime:2.9.1] AndroidManifest.xml:119:25-78
143            </intent-filter>
144        </receiver>
145        <receiver
145-->[androidx.work:work-runtime:2.9.1] AndroidManifest.xml:122:9-131:20
146            android:name="androidx.work.impl.background.systemalarm.ConstraintProxyUpdateReceiver"
146-->[androidx.work:work-runtime:2.9.1] AndroidManifest.xml:123:13-99
147            android:directBootAware="false"
147-->[androidx.work:work-runtime:2.9.1] AndroidManifest.xml:124:13-44
148            android:enabled="@bool/enable_system_alarm_service_default"
148-->[androidx.work:work-runtime:2.9.1] AndroidManifest.xml:125:13-72
149            android:exported="false" >
149-->[androidx.work:work-runtime:2.9.1] AndroidManifest.xml:126:13-37
150            <intent-filter>
150-->[androidx.work:work-runtime:2.9.1] AndroidManifest.xml:128:13-130:29
151                <action android:name="androidx.work.impl.background.systemalarm.UpdateProxies" />
151-->[androidx.work:work-runtime:2.9.1] AndroidManifest.xml:129:17-98
151-->[androidx.work:work-runtime:2.9.1] AndroidManifest.xml:129:25-95
152            </intent-filter>
153        </receiver>
154        <receiver
154-->[androidx.work:work-runtime:2.9.1] AndroidManifest.xml:132:9-142:20
155            android:name="androidx.work.impl.diagnostics.DiagnosticsReceiver"
155-->[androidx.work:work-runtime:2.9.1] AndroidManifest.xml:133:13-78
156            android:directBootAware="false"
156-->[androidx.work:work-runtime:2.9.1] AndroidManifest.xml:134:13-44
157            android:enabled="true"
157-->[androidx.work:work-runtime:2.9.1] AndroidManifest.xml:135:13-35
158            android:exported="true"
158-->[androidx.work:work-runtime:2.9.1] AndroidManifest.xml:136:13-36
159            android:permission="android.permission.DUMP" >
159-->[androidx.work:work-runtime:2.9.1] AndroidManifest.xml:137:13-57
160            <intent-filter>
160-->[androidx.work:work-runtime:2.9.1] AndroidManifest.xml:139:13-141:29
161                <action android:name="androidx.work.diagnostics.REQUEST_DIAGNOSTICS" />
161-->[androidx.work:work-runtime:2.9.1] AndroidManifest.xml:140:17-88
161-->[androidx.work:work-runtime:2.9.1] AndroidManifest.xml:140:25-85
162            </intent-filter>
163        </receiver>
164
165        <service
165-->[com.google.android.gms:play-services-mlkit-barcode-scanning:18.3.0] AndroidManifest.xml:9:9-15:19
166            android:name="com.google.mlkit.common.internal.MlKitComponentDiscoveryService"
166-->[com.google.android.gms:play-services-mlkit-barcode-scanning:18.3.0] AndroidManifest.xml:10:13-91
167            android:directBootAware="true"
167-->[com.google.mlkit:common:18.9.0] AndroidManifest.xml:17:13-43
168            android:exported="false" >
168-->[com.google.android.gms:play-services-mlkit-barcode-scanning:18.3.0] AndroidManifest.xml:11:13-37
169            <meta-data
169-->[com.google.android.gms:play-services-mlkit-barcode-scanning:18.3.0] AndroidManifest.xml:12:13-14:85
170                android:name="com.google.firebase.components:com.google.mlkit.vision.barcode.internal.BarcodeRegistrar"
170-->[com.google.android.gms:play-services-mlkit-barcode-scanning:18.3.0] AndroidManifest.xml:13:17-120
171                android:value="com.google.firebase.components.ComponentRegistrar" />
171-->[com.google.android.gms:play-services-mlkit-barcode-scanning:18.3.0] AndroidManifest.xml:14:17-82
172            <meta-data
172-->[com.google.android.gms:play-services-mlkit-text-recognition-common:19.0.0] AndroidManifest.xml:12:13-14:85
173                android:name="com.google.firebase.components:com.google.mlkit.vision.text.internal.TextRegistrar"
173-->[com.google.android.gms:play-services-mlkit-text-recognition-common:19.0.0] AndroidManifest.xml:13:17-114
174                android:value="com.google.firebase.components.ComponentRegistrar" />
174-->[com.google.android.gms:play-services-mlkit-text-recognition-common:19.0.0] AndroidManifest.xml:14:17-82
175            <meta-data
175-->[com.google.mlkit:vision-common:17.3.0] AndroidManifest.xml:12:13-14:85
176                android:name="com.google.firebase.components:com.google.mlkit.vision.common.internal.VisionCommonRegistrar"
176-->[com.google.mlkit:vision-common:17.3.0] AndroidManifest.xml:13:17-124
177                android:value="com.google.firebase.components.ComponentRegistrar" />
177-->[com.google.mlkit:vision-common:17.3.0] AndroidManifest.xml:14:17-82
178            <meta-data
178-->[com.google.mlkit:common:18.9.0] AndroidManifest.xml:20:13-22:85
179                android:name="com.google.firebase.components:com.google.mlkit.common.internal.CommonComponentRegistrar"
179-->[com.google.mlkit:common:18.9.0] AndroidManifest.xml:21:17-120
180                android:value="com.google.firebase.components.ComponentRegistrar" />
180-->[com.google.mlkit:common:18.9.0] AndroidManifest.xml:22:17-82
181        </service>
182
183        <provider
183-->[com.google.mlkit:common:18.9.0] AndroidManifest.xml:9:9-13:38
184            android:name="com.google.mlkit.common.internal.MlKitInitProvider"
184-->[com.google.mlkit:common:18.9.0] AndroidManifest.xml:10:13-78
185            android:authorities="com.buy2enjoy.returnscanner.mlkitinitprovider"
185-->[com.google.mlkit:common:18.9.0] AndroidManifest.xml:11:13-69
186            android:exported="false"
186-->[com.google.mlkit:common:18.9.0] AndroidManifest.xml:12:13-37
187            android:initOrder="99" />
187-->[com.google.mlkit:common:18.9.0] AndroidManifest.xml:13:13-35
188
189        <activity
189-->[com.google.android.gms:play-services-base:18.1.0] AndroidManifest.xml:20:9-22:45
190            android:name="com.google.android.gms.common.api.GoogleApiActivity"
190-->[com.google.android.gms:play-services-base:18.1.0] AndroidManifest.xml:20:19-85
191            android:exported="false"
191-->[com.google.android.gms:play-services-base:18.1.0] AndroidManifest.xml:22:19-43
192            android:theme="@android:style/Theme.Translucent.NoTitleBar" />
192-->[com.google.android.gms:play-services-base:18.1.0] AndroidManifest.xml:21:19-78
193
194        <service
194-->[androidx.room:room-runtime:2.6.1] AndroidManifest.xml:24:9-28:63
195            android:name="androidx.room.MultiInstanceInvalidationService"
195-->[androidx.room:room-runtime:2.6.1] AndroidManifest.xml:25:13-74
196            android:directBootAware="true"
196-->[androidx.room:room-runtime:2.6.1] AndroidManifest.xml:26:13-43
197            android:exported="false" />
197-->[androidx.room:room-runtime:2.6.1] AndroidManifest.xml:27:13-37
198
199        <meta-data
199-->[com.google.android.gms:play-services-basement:18.1.0] AndroidManifest.xml:21:9-23:69
200            android:name="com.google.android.gms.version"
200-->[com.google.android.gms:play-services-basement:18.1.0] AndroidManifest.xml:22:13-58
201            android:value="@integer/google_play_services_version" />
201-->[com.google.android.gms:play-services-basement:18.1.0] AndroidManifest.xml:23:13-66
202
203        <receiver
203-->[androidx.profileinstaller:profileinstaller:1.3.1] AndroidManifest.xml:34:9-52:20
204            android:name="androidx.profileinstaller.ProfileInstallReceiver"
204-->[androidx.profileinstaller:profileinstaller:1.3.1] AndroidManifest.xml:35:13-76
205            android:directBootAware="false"
205-->[androidx.profileinstaller:profileinstaller:1.3.1] AndroidManifest.xml:36:13-44
206            android:enabled="true"
206-->[androidx.profileinstaller:profileinstaller:1.3.1] AndroidManifest.xml:37:13-35
207            android:exported="true"
207-->[androidx.profileinstaller:profileinstaller:1.3.1] AndroidManifest.xml:38:13-36
208            android:permission="android.permission.DUMP" >
208-->[androidx.profileinstaller:profileinstaller:1.3.1] AndroidManifest.xml:39:13-57
209            <intent-filter>
209-->[androidx.profileinstaller:profileinstaller:1.3.1] AndroidManifest.xml:40:13-42:29
210                <action android:name="androidx.profileinstaller.action.INSTALL_PROFILE" />
210-->[androidx.profileinstaller:profileinstaller:1.3.1] AndroidManifest.xml:41:17-91
210-->[androidx.profileinstaller:profileinstaller:1.3.1] AndroidManifest.xml:41:25-88
211            </intent-filter>
212            <intent-filter>
212-->[androidx.profileinstaller:profileinstaller:1.3.1] AndroidManifest.xml:43:13-45:29
213                <action android:name="androidx.profileinstaller.action.SKIP_FILE" />
213-->[androidx.profileinstaller:profileinstaller:1.3.1] AndroidManifest.xml:44:17-85
213-->[androidx.profileinstaller:profileinstaller:1.3.1] AndroidManifest.xml:44:25-82
214            </intent-filter>
215            <intent-filter>
215-->[androidx.profileinstaller:profileinstaller:1.3.1] AndroidManifest.xml:46:13-48:29
216                <action android:name="androidx.profileinstaller.action.SAVE_PROFILE" />
216-->[androidx.profileinstaller:profileinstaller:1.3.1] AndroidManifest.xml:47:17-88
216-->[androidx.profileinstaller:profileinstaller:1.3.1] AndroidManifest.xml:47:25-85
217            </intent-filter>
218            <intent-filter>
218-->[androidx.profileinstaller:profileinstaller:1.3.1] AndroidManifest.xml:49:13-51:29
219                <action android:name="androidx.profileinstaller.action.BENCHMARK_OPERATION" />
219-->[androidx.profileinstaller:profileinstaller:1.3.1] AndroidManifest.xml:50:17-95
219-->[androidx.profileinstaller:profileinstaller:1.3.1] AndroidManifest.xml:50:25-92
220            </intent-filter>
221        </receiver>
222
223        <service
223-->[com.google.android.datatransport:transport-backend-cct:2.3.3] AndroidManifest.xml:29:9-35:19
224            android:name="com.google.android.datatransport.runtime.backends.TransportBackendDiscovery"
224-->[com.google.android.datatransport:transport-backend-cct:2.3.3] AndroidManifest.xml:30:13-103
225            android:exported="false" >
225-->[com.google.android.datatransport:transport-backend-cct:2.3.3] AndroidManifest.xml:31:13-37
226            <meta-data
226-->[com.google.android.datatransport:transport-backend-cct:2.3.3] AndroidManifest.xml:32:13-34:39
227                android:name="backend:com.google.android.datatransport.cct.CctBackendFactory"
227-->[com.google.android.datatransport:transport-backend-cct:2.3.3] AndroidManifest.xml:33:17-94
228                android:value="cct" />
228-->[com.google.android.datatransport:transport-backend-cct:2.3.3] AndroidManifest.xml:34:17-36
229        </service>
230        <service
230-->[com.google.android.datatransport:transport-runtime:2.2.6] AndroidManifest.xml:26:9-30:19
231            android:name="com.google.android.datatransport.runtime.scheduling.jobscheduling.JobInfoSchedulerService"
231-->[com.google.android.datatransport:transport-runtime:2.2.6] AndroidManifest.xml:27:13-117
232            android:exported="false"
232-->[com.google.android.datatransport:transport-runtime:2.2.6] AndroidManifest.xml:28:13-37
233            android:permission="android.permission.BIND_JOB_SERVICE" >
233-->[com.google.android.datatransport:transport-runtime:2.2.6] AndroidManifest.xml:29:13-69
234        </service>
235
236        <receiver
236-->[com.google.android.datatransport:transport-runtime:2.2.6] AndroidManifest.xml:32:9-34:40
237            android:name="com.google.android.datatransport.runtime.scheduling.jobscheduling.AlarmManagerSchedulerBroadcastReceiver"
237-->[com.google.android.datatransport:transport-runtime:2.2.6] AndroidManifest.xml:33:13-132
238            android:exported="false" />
238-->[com.google.android.datatransport:transport-runtime:2.2.6] AndroidManifest.xml:34:13-37
239    </application>
240
241</manifest>